#
# There is insufficient memory for the Java Runtime Environment to continue.
# Native memory allocation (malloc) failed to allocate 636976 bytes for Chunk::new
# Possible reasons:
#   The system is out of physical RAM or swap space
#   In 32 bit mode, the process size limit was hit
# Possible solutions:
#   Reduce memory load on the system
#   Increase physical memory or swap space
#   Check if swap backing store is full
#   Use 64 bit Java on a 64 bit OS
#   Decrease Java heap size (-Xmx/-Xms)
#   Decrease number of Java threads
#   Decrease Java thread stack sizes (-Xss)
#   Set larger code cache with -XX:ReservedCodeCacheSize=
# This output file may be truncated or incomplete.
#
#  Out of Memory Error (allocation.cpp:390), pid=2964, tid=2124
#
# JRE version: Java(TM) SE Runtime Environment (8.0_51-b16) (build 1.8.0_51-b16)
# Java VM: Java HotSpot(TM) 64-Bit Server VM (25.51-b03 mixed mode windows-amd64 compressed oops)
# Failed to write core dump. Minidumps are not enabled by default on client versions of Windows
#

---------------  T H R E A D  ---------------

Current thread (0x0000000054c99000):  JavaThread "C2 CompilerThread0" daemon [_thread_in_native, id=2124, stack(0x0000000055e00000,0x0000000055f00000)]

Stack: [0x0000000055e00000,0x0000000055f00000]
Native frames: (J=compiled Java code, j=interpreted, Vv=VM code, C=native code)
V  [jvm.dll+0x32b4ca]


Current CompileTask:
C2:   2740 1373       4       com.android.dx.ssa.LocalVariableExtractor::processBlock (383 bytes)


---------------  P R O C E S S  ---------------

Java Threads: ( => current thread )
  0x0000000056409800 JavaThread "pool-2-thread-4" [_thread_blocked, id=1756, stack(0x0000000056c40000,0x0000000056d40000)]
  0x0000000056408800 JavaThread "pool-2-thread-3" [_thread_blocked, id=4340, stack(0x0000000055cd0000,0x0000000055dd0000)]
  0x0000000056408000 JavaThread "pool-2-thread-2" [_thread_blocked, id=5176, stack(0x0000000056a40000,0x0000000056b40000)]
  0x0000000056400800 JavaThread "pool-3-thread-1" [_thread_blocked, id=3456, stack(0x00000000567c0000,0x00000000568c0000)]
  0x00000000563ff800 JavaThread "pool-2-thread-1" [_thread_blocked, id=1700, stack(0x00000000566a0000,0x00000000567a0000)]
  0x0000000054ca5800 JavaThread "Service Thread" daemon [_thread_blocked, id=5124, stack(0x0000000055ab0000,0x0000000055bb0000)]
  0x0000000054ca3800 JavaThread "C1 CompilerThread1" daemon [_thread_blocked, id=5392, stack(0x0000000055f40000,0x0000000056040000)]
=>0x0000000054c99000 JavaThread "C2 CompilerThread0" daemon [_thread_in_native, id=2124, stack(0x0000000055e00000,0x0000000055f00000)]
  0x0000000054c97800 JavaThread "—∞Âôâ¿Ä¿Ä¿Ä¿Ä¿Ä¿Ä¬àÂê∞¿Ä¿Ä‡º®·ê∞¿Ä¿ÄÌ†®·ê∏¿Ä¿ÄÌ™Ä·ê∏¿Ä¿ÄÌ≥ò·ê∏¿Ä¿Ä¿Ä¿Ä¿Ä¿Ä¿Ä¿Ä¿Ä¿Ä¿Ä¿Ä¿Ä¿Ä¿Ä¿Ä¿Ä¿ÄÓî†ÏÄ∏¿Ä¿ÄÌ™Ä·ê∏¿Ä¿Ä¿Ä¿Ä¿Ä¿Ä¿Ä¿Ä¿Ä¿ÄÌ™Ä·ê∏¿Ä¿Ä" [_thread_blocked, id=5700, stack(0x0000000055bd0000,0x0000000055cd0000)]
  0x0000000054c95800 JavaThread "Signal Dispatcher" daemon [_thread_blocked, id=5416, stack(0x00000000555e0000,0x00000000556e0000)]
  0x0000000054c36000 JavaThread "Finalizer" daemon [_thread_blocked, id=5768, stack(0x00000000559b0000,0x0000000055ab0000)]
  0x0000000054c35000 JavaThread "Reference Handler" daemon [_thread_blocked, id=3764, stack(0x0000000055880000,0x0000000055980000)]
  0x0000000001c7f800 JavaThread "main" [_thread_blocked, id=5132, stack(0x0000000002380000,0x0000000002480000)]

Other Threads:
  0x0000000054c2d000 VMThread [stack: 0x00000000556e0000,0x00000000557e0000] [id=3280]
  0x0000000054ca7800 WatcherThread [stack: 0x00000000560d0000,0x00000000561d0000] [id=1040]

VM state:at safepoint (normal execution)

VM Mutex/Monitor currently owned by a thread:  ([mutex/lock_event])
[0x0000000001c7da50] Threads_lock - owner thread: 0x0000000054c2d000
[0x0000000001c7df50] Heap_lock - owner thread: 0x0000000054ca3800
[0x0000000001c7e4d0] MethodData_lock - owner thread: 0x0000000054ca3800

Heap:
 PSYoungGen      total 34304K, used 2535K [0x00000000eab00000, 0x00000000ecf00000, 0x0000000100000000)
  eden space 31744K, 0% used [0x00000000eab00000,0x00000000eab00000,0x00000000eca00000)
  from space 2560K, 99% used [0x00000000eca00000,0x00000000ecc79eb8,0x00000000ecc80000)
  to   space 2560K, 0% used [0x00000000ecc80000,0x00000000ecc80000,0x00000000ecf00000)
 ParOldGen       total 42496K, used 4180K [0x00000000c0000000, 0x00000000c2980000, 0x00000000eab00000)
  object space 42496K, 9% used [0x00000000c0000000,0x00000000c0415070,0x00000000c2980000)
 Metaspace       used 6044K, capacity 6960K, committed 7040K, reserved 1060864K
  class space    used 592K, capacity 616K, committed 640K, reserved 1048576K

Card table byte_map: [0x0000000011b10000,0x0000000011d20000] byte_map_base: 0x0000000011510000

Marking Bits: (ParMarkBitMap*) 0x0000000071104040
 Begin Bits: [0x0000000012100000, 0x0000000013100000)
 End Bits:   [0x0000000013100000, 0x0000000014100000)

Polling page: 0x0000000001c60000

CodeCache: size=245760Kb used=5630Kb max_used=5630Kb free=240129Kb
 bounds [0x0000000002750000, 0x0000000002ce0000, 0x0000000011750000]
 total_blobs=1658 nmethods=1390 adapters=182
 compilation: enabled

Compilation events (10 events):
Event: 2.618 Thread 0x0000000054c99000 nmethod 1371 0x0000000002cabb10 code [0x0000000002cabc60, 0x0000000002cabdd8]
Event: 2.619 Thread 0x0000000054ca3800 1372       3       java.util.BitSet::set (18 bytes)
Event: 2.619 Thread 0x0000000054c99000 1373       4       com.android.dx.ssa.LocalVariableExtractor::processBlock (383 bytes)
Event: 2.619 Thread 0x0000000054ca3800 nmethod 1372 0x0000000002cb9b10 code [0x0000000002cb9c80, 0x0000000002cb9eb8]
Event: 2.628 Thread 0x0000000054ca3800 1376       3       com.android.dx.ssa.SsaBasicBlock::insertNewSuccessor (228 bytes)
Event: 2.630 Thread 0x0000000054ca3800 nmethod 1376 0x0000000002cc80d0 code [0x0000000002cc8400, 0x0000000002cc98c8]
Event: 2.634 Thread 0x0000000054ca3800 1377       1       com.android.dx.rop.code.Insn$BaseVisitor::visitThrowingCstInsn (1 bytes)
Event: 2.634 Thread 0x0000000054ca3800 nmethod 1377 0x0000000002cab810 code [0x0000000002cab960, 0x0000000002caba70]
Event: 2.636 Thread 0x0000000054ca3800 1378       3       com.android.dx.rop.cst.CstString::equals (24 bytes)
Event: 2.636 Thread 0x0000000054ca3800 nmethod 1378 0x0000000002cc7a10 code [0x0000000002cc7b80, 0x0000000002cc7fa8]

GC Heap History (4 events):
Event: 0.992 GC heap before
{Heap before GC invocations=1 (full 0):
 PSYoungGen      total 18432K, used 15872K [0x00000000eab00000, 0x00000000ebf80000, 0x0000000100000000)
  eden space 15872K, 100% used [0x00000000eab00000,0x00000000eba80000,0x00000000eba80000)
  from space 2560K, 0% used [0x00000000ebd00000,0x00000000ebd00000,0x00000000ebf80000)
  to   space 2560K, 0% used [0x00000000eba80000,0x00000000eba80000,0x00000000ebd00000)
 ParOldGen       total 42496K, used 0K [0x00000000c0000000, 0x00000000c2980000, 0x00000000eab00000)
  object space 42496K, 0% used [0x00000000c0000000,0x00000000c0000000,0x00000000c2980000)
 Metaspace       used 5414K, capacity 6448K, committed 6528K, reserved 1056768K
  class space    used 587K, capacity 616K, committed 640K, reserved 1048576K
Event: 1.018 GC heap after
Heap after GC invocations=1 (full 0):
 PSYoungGen      total 18432K, used 2548K [0x00000000eab00000, 0x00000000ecf00000, 0x0000000100000000)
  eden space 15872K, 0% used [0x00000000eab00000,0x00000000eab00000,0x00000000eba80000)
  from space 2560K, 99% used [0x00000000eba80000,0x00000000ebcfd290,0x00000000ebd00000)
  to   space 2560K, 0% used [0x00000000ecc80000,0x00000000ecc80000,0x00000000ecf00000)
 ParOldGen       total 42496K, used 748K [0x00000000c0000000, 0x00000000c2980000, 0x00000000eab00000)
  object space 42496K, 1% used [0x00000000c0000000,0x00000000c00bb058,0x00000000c2980000)
 Metaspace       used 5414K, capacity 6448K, committed 6528K, reserved 1056768K
  class space    used 587K, capacity 616K, committed 640K, reserved 1048576K
}
Event: 1.921 GC heap before
{Heap before GC invocations=2 (full 0):
 PSYoungGen      total 18432K, used 18420K [0x00000000eab00000, 0x00000000ecf00000, 0x0000000100000000)
  eden space 15872K, 100% used [0x00000000eab00000,0x00000000eba80000,0x00000000eba80000)
  from space 2560K, 99% used [0x00000000eba80000,0x00000000ebcfd290,0x00000000ebd00000)
  to   space 2560K, 0% used [0x00000000ecc80000,0x00000000ecc80000,0x00000000ecf00000)
 ParOldGen       total 42496K, used 748K [0x00000000c0000000, 0x00000000c2980000, 0x00000000eab00000)
  object space 42496K, 1% used [0x00000000c0000000,0x00000000c00bb058,0x00000000c2980000)
 Metaspace       used 5976K, capacity 6960K, committed 7040K, reserved 1056768K
  class space    used 592K, capacity 616K, committed 640K, reserved 1048576K
Event: 1.957 GC heap after
Heap after GC invocations=2 (full 0):
 PSYoungGen      total 34304K, used 2545K [0x00000000eab00000, 0x00000000ecf00000, 0x0000000100000000)
  eden space 31744K, 0% used [0x00000000eab00000,0x00000000eab00000,0x00000000eca00000)
  from space 2560K, 99% used [0x00000000ecc80000,0x00000000ecefc690,0x00000000ecf00000)
  to   space 2560K, 0% used [0x00000000eca00000,0x00000000eca00000,0x00000000ecc80000)
 ParOldGen       total 42496K, used 2350K [0x00000000c0000000, 0x00000000c2980000, 0x00000000eab00000)
  object space 42496K, 5% used [0x00000000c0000000,0x00000000c024b860,0x00000000c2980000)
 Metaspace       used 5976K, capacity 6960K, committed 7040K, reserved 1056768K
  class space    used 592K, capacity 616K, committed 640K, reserved 1048576K
}

Deoptimization events (3 events):
Event: 0.670 Thread 0x0000000001c7f800 Uncommon trap: reason=unstable_if action=reinterpret pc=0x00000000028a2fc8 method=java.lang.String.indexOf(II)I @ 49
Event: 2.015 Thread 0x0000000056408000 Uncommon trap: reason=unstable_if action=reinterpret pc=0x0000000002a7a010 method=com.android.dx.rop.code.RegisterSpec.equals(ILcom/android/dx/rop/type/TypeBearer;Lcom/android/dx/rop/code/LocalItem;)Z @ 42
Event: 2.120 Thread 0x0000000056408000 Uncommon trap: reason=bimorphic action=maybe_recompile pc=0x0000000002c0271c method=java.util.HashMap.putVal(ILjava/lang/Object;Ljava/lang/Object;ZZ)Ljava/lang/Object; @ 91

Internal exceptions (2 events):
Event: 0.096 Thread 0x0000000001c7f800 Exception <a 'java/lang/NoSuchMethodError': Method sun.misc.Unsafe.defineClass(Ljava/lang/String;[BII)Ljava/lang/Class; name or signature does not match> (0x00000000eab0d938) thrown at [C:\re\workspace\8-2-build-windows-amd64-cygwin\jdk8u51\3951\hotspot\srÅŸ„éõ†∏?
Event: 0.096 Thread 0x0000000001c7f800 Exception <a 'java/lang/NoSuchMethodError': Method sun.misc.Unsafe.prefetchRead(Ljava/lang/Object;J)V name or signature does not match> (0x00000000eab0dbc8) thrown at [C:\re\workspace\8-2-build-windows-amd64-cygwin\jdk8u51\3951\hotspot\src\share\vm\prims\j

Events (10 events):
Event: 1.887 Executing VM operation: ParallelGCFailedAllocation
Event: 1.957 Executing VM operation: ParallelGCFailedAllocation done
Event: 2.015 Thread 0x0000000056408000 Uncommon trap: trap_request=0xffffff65 fr.pc=0x0000000002a7a010
Event: 2.015 Thread 0x0000000056408000 DEOPT PACKING pc=0x0000000002a7a010 sp=0x0000000056b3edb0
Event: 2.015 Thread 0x0000000056408000 DEOPT UNPACKING pc=0x000000000279582a sp=0x0000000056b3ed38 mode 2
Event: 2.069 Thread 0x0000000056408000 DEOPT PACKING pc=0x0000000002a09264 sp=0x0000000056b3ed10
Event: 2.069 Thread 0x0000000056408000 DEOPT UNPACKING pc=0x000000000279747f sp=0x0000000056b3ead8 mode 0
Event: 2.120 Thread 0x0000000056408000 Uncommon trap: trap_request=0xffffffc6 fr.pc=0x0000000002c0271c
Event: 2.120 Thread 0x0000000056408000 DEOPT PACKING pc=0x0000000002c0271c sp=0x0000000056b3ed40
Event: 2.120 Thread 0x0000000056408000 DEOPT UNPACKING pc=0x000000000279582a sp=0x0000000056b3ecc8 mode 2


Dynamic libraries:
0x000000013f730000 - 0x000000013f767000 	C:\Program Files\Java\jdk1.8.0_51\bin\java.exe
0x00000000770c0000 - 0x0000000077269000 	C:\Windows\SYSTEM32\ntdll.dll
0x0000000076fa0000 - 0x00000000770bf000 	C:\Windows\system32\kernel32.dll
0x000007fefcef0000 - 0x000007fefcf5b000 	C:\Windows\system32\KERNELBASE.dll
0x000007fefd740000 - 0x000007fefd81b000 	C:\Windows\system32\ADVAPI32.dll
0x000007fefd4f0000 - 0x000007fefd58f000 	C:\Windows\system32\msvcrt.dll
0x000007fefd990000 - 0x000007fefd9af000 	C:\Windows\SYSTEM32\sechost.dll
0x000007fefd9b0000 - 0x000007fefdadd000 	C:\Windows\system32\RPCRT4.dll
0x0000000076ea0000 - 0x0000000076f9a000 	C:\Windows\system32\USER32.dll
0x000007feff080000 - 0x000007feff0e7000 	C:\Windows\system32\GDI32.dll
0x000007fefe870000 - 0x000007fefe87e000 	C:\Windows\system32\LPK.dll
0x000007fefd3a0000 - 0x000007fefd469000 	C:\Windows\system32\USP10.dll
0x000007fefb930000 - 0x000007fefbb24000 	C:\Windows\WinSxS\amd64_microsoft.windows.common-controls_6595b64144ccf1df_6.0.7601.17514_none_fa396087175ac9ac\COMCTL32.dll
0x000007feff330000 - 0x000007feff3a1000 	C:\Windows\system32\SHLWAPI.dll
0x000007fefd710000 - 0x000007fefd73e000 	C:\Windows\system32\IMM32.DLL
0x000007fefd290000 - 0x000007fefd399000 	C:\Windows\system32\MSCTF.dll
0x000000006b6e0000 - 0x000000006b7b2000 	C:\Program Files\Java\jdk1.8.0_51\jre\bin\msvcr100.dll
0x0000000070900000 - 0x0000000071183000 	C:\Program Files\Java\jdk1.8.0_51\jre\bin\server\jvm.dll
0x000007fefa900000 - 0x000007fefa909000 	C:\Windows\system32\WSOCK32.dll
0x000007feff030000 - 0x000007feff07d000 	C:\Windows\system32\WS2_32.dll
0x000007fefed70000 - 0x000007fefed78000 	C:\Windows\system32\NSI.dll
0x000007fefaf30000 - 0x000007fefaf6b000 	C:\Windows\system32\WINMM.dll
0x000007fefbfc0000 - 0x000007fefbfcc000 	C:\Windows\system32\VERSION.dll
0x0000000077290000 - 0x0000000077297000 	C:\Windows\system32\PSAPI.DLL
0x0000000074c30000 - 0x0000000074c3f000 	C:\Program Files\Java\jdk1.8.0_51\jre\bin\verify.dll
0x0000000074c00000 - 0x0000000074c29000 	C:\Program Files\Java\jdk1.8.0_51\jre\bin\java.dll
0x0000000074be0000 - 0x0000000074bf6000 	C:\Program Files\Java\jdk1.8.0_51\jre\bin\zip.dll
0x000007fefdae0000 - 0x000007fefe868000 	C:\Windows\system32\SHELL32.dll
0x000007fefe880000 - 0x000007fefea83000 	C:\Windows\system32\ole32.dll
0x000007fefced0000 - 0x000007fefcedf000 	C:\Windows\system32\profapi.dll

VM Arguments:
jvm_args: -Djava.awt.headless=true -Xmx1024M -Dfile.encoding=windows-1252 -Duser.country=US -Duser.language=en -Duser.variant 
java_command: com.android.dx.command.Main --dex --force-jumbo --num-threads=4 --multi-dex --output C:\Users\FAYUSULLA\Desktop\MLCP\app\build\intermediates\transforms\dex\debug\folders\1000\10\com.android.support-appcompat-v7-23.1.1_7ba6699ae66612dc582fe61ffe7e7439c618f28b C:\Users\FAYUSULLA\Desktop\MLCP\app\build\intermediates\exploded-aar\com.android.support\appcompat-v7\23.1.1\jars\classes.jar
java_class_path (initial): C:\adt-bundle-windows-x86_64-20140702\sdk\build-tools\23.0.2\lib\dx.jar
Launcher Type: SUN_STANDARD

Environment Variables:
JAVA_HOME=C:\Program Files\Java\jdk1.8.0_51\
CLASSPATH=.;c:\Program Files (x86)\Java\jre6\lib\ext\QTJava.zip
PATH=C:\ProgramData\Oracle\Java\javapath;c:\mingw\bin;C:\Program Files\Broadcom\Broadcom 802.11 Network Adapter\Driver;C:\Windows\system32;C:\Windows;C:\Windows\System32\Wbem;C:\Windows\System32\WindowsPowerShell\v1.0\;C:\Python27;C:\Python27\Scripts;C:\Program Files (x86)\Microsoft SQL Server\100\Tools\Binn\;C:\Program Files\Microsoft SQL Server\100\Tools\Binn\;C:\Program Files\Microsoft SQL Server\100\DTS\Binn\;C:\hadoop\bin\;C:\apache\apache-maven-3.2.5\bin\;c:\Program Files (x86)\QuickTime\QTSystem\;C:\Program Files\MATLAB\MATLAB Production Server\R2015a\runtime\win64;C:\Program Files\MATLAB\MATLAB Production Server\R2015a\bin;C:\Program Files\MATLAB\MATLAB Production Server\R2015a\polyspace\bin;C:\Program Files (x86)\Lua\5.1;C:\Program Files (x86)\Lua\5.1\clibs;C:\Program Files\nodejs\;C:\Program Files\Git\cmd;C:\Program Files\Git\mingw64\bin;C:\Program Files\Git\usr\bin;C:\Program Files\Java\jdk1.8.0_51\bin;c:\cygwin\bin;c:\cygwin\usr\bin ;C:\Users\FAYUSULLA\AppData\Roaming\npm
USERNAME=FAYUSULLA
OS=Windows_NT
PROCESSOR_IDENTIFIER=Intel64 Family 6 Model 42 Stepping 7, GenuineIntel



---------------  S Y S T E M  ---------------

OS: Windows 7 , 64 bit Build 7601 (6.1.7601.18229)

CPU:total 2 (2 cores per cpu, 1 threads per core) family 6 model 42 stepping 7, cmov, cx8, fxsr, mmx, sse, sse2, sse3, ssse3, sse4.1, sse4.2, popcnt, clmul, tsc, tscinvbit

Memory: 4k page, physical 4025708k(249648k free), swap 5113648k(5724k free)

vm_info: Java HotSpot(TM) 64-Bit Server VM (25.51-b03) for windows-amd64 JRE (1.8.0_51-b16), built on Jun  8 2015 18:03:07 by "java_re" with MS VC++ 10.0 (VS2010)

time: Mon May 23 13:28:59 2016
elapsed time: 2 seconds (0d 0h 0m 2s)

